<?xml version="1.0" encoding="UTF-8"?>
<!-- Generated by org.testng.reporters.JUnitReportReporter -->
<testsuite hostname="DESKTOP-EPJ72US" failures="0" tests="2" name="com.crm.qa.testcases.LoginPageTest" time="23.021" errors="0" timestamp="11 Oct 2020 10:49:21 GMT" skipped="0">
  <testcase classname="com.crm.qa.testcases.LoginPageTest" name="loginPageTitleTest" time="10.377"/>
  <testcase classname="com.crm.qa.testcases.LoginPageTest" name="loginTest" time="12.644"/>
</testsuite> <!-- com.crm.qa.testcases.LoginPageTest -->
