<?xml version="1.0" encoding="UTF-8"?>
<!-- Generated by org.testng.reporters.JUnitReportReporter -->
<testsuite hostname="DESKTOP-EPJ72US" failures="0" tests="1" name="com.crm.qa.testcases.ContactsPageTest" time="14.437" errors="0" timestamp="02 Nov 2020 18:17:06 GMT" skipped="0">
  <testcase classname="com.crm.qa.testcases.ContactsPageTest" name="CreateNewContact" time="14.437"/>
</testsuite> <!-- com.crm.qa.testcases.ContactsPageTest -->
