<?xml version="1.0" encoding="UTF-8"?>
<!-- Generated by org.testng.reporters.JUnitReportReporter -->
<testsuite hostname="DESKTOP-EPJ72US" failures="0" tests="3" name="com.crm.qa.testcases.HomePageTest" time="32.794" errors="0" timestamp="02 Nov 2020 18:24:09 GMT" skipped="0">
  <testcase classname="com.crm.qa.testcases.HomePageTest" name="verifyHomePageTitleTest" time="10.148"/>
  <testcase classname="com.crm.qa.testcases.HomePageTest" name="verifyDisplayNameTest" time="10.980"/>
  <testcase classname="com.crm.qa.testcases.HomePageTest" name="verifyContactsTabTest" time="11.666"/>
</testsuite> <!-- com.crm.qa.testcases.HomePageTest -->
