<?xml version="1.0" encoding="UTF-8"?>
<!-- Generated by org.testng.reporters.JUnitReportReporter -->
<testsuite hostname="DESKTOP-EPJ72US" failures="0" tests="3" name="com.crm.qa.testcases.HomePageTest" time="39.938" errors="0" timestamp="11 Oct 2020 10:49:21 GMT" skipped="0">
  <testcase classname="com.crm.qa.testcases.HomePageTest" name="verifyHomePageTitleTest" time="11.461"/>
  <testcase classname="com.crm.qa.testcases.HomePageTest" name="verifyDisplayNameTest" time="13.032"/>
  <testcase classname="com.crm.qa.testcases.HomePageTest" name="verifyContactsTabTest" time="15.445"/>
</testsuite> <!-- com.crm.qa.testcases.HomePageTest -->
