<?xml version="1.0" encoding="UTF-8"?>
<!-- Generated by org.testng.reporters.JUnitReportReporter -->
<testsuite hostname="DESKTOP-EPJ72US" failures="0" tests="2" name="com.crm.qa.testcases.LoginPageTest" time="19.803" errors="0" timestamp="02 Nov 2020 18:24:09 GMT" skipped="0">
  <testcase classname="com.crm.qa.testcases.LoginPageTest" name="loginPageTitleTest" time="9.767"/>
  <testcase classname="com.crm.qa.testcases.LoginPageTest" name="loginTest" time="10.036"/>
</testsuite> <!-- com.crm.qa.testcases.LoginPageTest -->
