<?xml version="1.0" encoding="UTF-8"?>
<!-- Generated by org.testng.reporters.JUnitReportReporter -->
<testsuite hostname="DESKTOP-EPJ72US" failures="0" tests="1" name="com.crm.qa.testcases.ContactsPageTest" time="0.000" errors="0" timestamp="02 Nov 2020 12:18:18 GMT" skipped="1">
  <testcase classname="com.crm.qa.testcases.ContactsPageTest" name="validateCreateNewContact" time="0.000">
    <skipped/>
  </testcase> <!-- validateCreateNewContact -->
</testsuite> <!-- com.crm.qa.testcases.ContactsPageTest -->
